#
# There is insufficient memory for the Java Runtime Environment to continue.
# Native memory allocation (malloc) failed to allocate 608576 bytes for Chunk::new
# Possible reasons:
#   The system is out of physical RAM or swap space
#   In 32 bit mode, the process size limit was hit
# Possible solutions:
#   Reduce memory load on the system
#   Increase physical memory or swap space
#   Check if swap backing store is full
#   Use 64 bit Java on a 64 bit OS
#   Decrease Java heap size (-Xmx/-Xms)
#   Decrease number of Java threads
#   Decrease Java thread stack sizes (-Xss)
#   Set larger code cache with -XX:ReservedCodeCacheSize=
# This output file may be truncated or incomplete.
#
#  Out of Memory Error (allocation.cpp:390), pid=7516, tid=0x00000000000009f8
#
# JRE version: OpenJDK Runtime Environment (8.0) (build 1.8.0-adoptopenjdk-_2018_05_19_00_59-b00)
# Java VM: OpenJDK 64-Bit Server VM (25.71-b00 mixed mode windows-amd64 compressed oops)
# Failed to write core dump. Minidumps are not enabled by default on client versions of Windows
#

---------------  T H R E A D  ---------------

Current thread (0x000000001978c800):  JavaThread "C2 CompilerThread0" daemon [_thread_in_native, id=2552, stack(0x0000000019f50000,0x000000001a050000)]

Stack: [0x0000000019f50000,0x000000001a050000]
[error occurred during error reporting (printing stack bounds), id 0xc0000005]

Native frames: (J=compiled Java code, j=interpreted, Vv=VM code, C=native code)


Current CompileTask:
C2:   3664 2409   !   4       com.sun.org.apache.xerces.internal.parsers.AbstractSAXParser::startElement (318 bytes)


---------------  P R O C E S S  ---------------

Java Threads: ( => current thread )
  0x000000001abbb000 JavaThread "Keep-Alive-Timer" daemon [_thread_blocked, id=1256, stack(0x000000001b590000,0x000000001b690000)]
  0x000000001982e800 JavaThread "Service Thread" daemon [_thread_blocked, id=312, stack(0x000000001a350000,0x000000001a450000)]
  0x000000001979e800 JavaThread "C1 CompilerThread3" daemon [_thread_in_native, id=5292, stack(0x000000001a250000,0x000000001a350000)]
  0x000000001787d000 JavaThread "C2 CompilerThread2" daemon [_thread_in_native, id=7752, stack(0x000000001a150000,0x000000001a250000)]
  0x000000001978e800 JavaThread "C2 CompilerThread1" daemon [_thread_in_native, id=8320, stack(0x000000001a050000,0x000000001a150000)]
=>0x000000001978c800 JavaThread "C2 CompilerThread0" daemon [_thread_in_native, id=2552, stack(0x0000000019f50000,0x000000001a050000)]
  0x000000001978b800 JavaThread "Attach Listener" daemon [_thread_blocked, id=3664, stack(0x0000000019e50000,0x0000000019f50000)]
  0x000000001978a800 JavaThread "Signal Dispatcher" daemon [_thread_blocked, id=1452, stack(0x0000000019d50000,0x0000000019e50000)]
  0x0000000019770800 JavaThread "Finalizer" daemon [_thread_blocked, id=12592, stack(0x0000000019b50000,0x0000000019c50000)]
  0x00000000028dc000 JavaThread "Reference Handler" daemon [_thread_blocked, id=8324, stack(0x0000000019650000,0x0000000019750000)]
  0x00000000027e5000 JavaThread "main" [_thread_in_Java, id=2620, stack(0x0000000002660000,0x0000000002760000)]

Other Threads:
  0x0000000017867800 VMThread [stack: 0x0000000019550000,0x0000000019650000] [id=2328]
  0x0000000019830800 WatcherThread [stack: 0x000000001a450000,0x000000001a550000] [id=2376]

VM state:not at safepoint (normal execution)

VM Mutex/Monitor currently owned by a thread: None

Heap:
 PSYoungGen      total 37888K, used 25012K [0x00000000d6580000, 0x00000000d8f80000, 0x0000000100000000)
  eden space 32768K, 60% used [0x00000000d6580000,0x00000000d78edab0,0x00000000d8580000)
  from space 5120K, 99% used [0x00000000d8580000,0x00000000d8a7f818,0x00000000d8a80000)
  to   space 5120K, 0% used [0x00000000d8a80000,0x00000000d8a80000,0x00000000d8f80000)
 ParOldGen       total 86016K, used 2156K [0x0000000083000000, 0x0000000088400000, 0x00000000d6580000)
  object space 86016K, 2% used [0x0000000083000000,0x000000008321b108,0x0000000088400000)
 Metaspace       used 17750K, capacity 18234K, committed 18432K, reserved 1064960K
  class space    used 2031K, capacity 2177K, committed 2304K, reserved 1048576K

Card table byte_map: [0x0000000011d80000,0x0000000012170000] byte_map_base: 0x0000000011968000

Marking Bits: (ParMarkBitMap*) 0x000000006c90be50
 Begin Bits: [0x0000000012c10000, 0x0000000014b50000)
 End Bits:   [0x0000000014b50000, 0x0000000016a90000)

Polling page: 0x0000000000950000

CodeCache: size=245760Kb used=8861Kb max_used=8861Kb free=236898Kb
 bounds [0x00000000029c0000, 0x0000000003270000, 0x00000000119c0000]
 total_blobs=3014 nmethods=2595 adapters=332
 compilation: enabled

Compilation events (10 events):
Event: 3.661 Thread 0x000000001979e800 nmethod 2604 0x00000000032671d0 code [0x0000000003267400, 0x0000000003267cb8]
Event: 3.661 Thread 0x000000001979e800 2608       2       java.io.BufferedWriter::min (9 bytes)
Event: 3.661 Thread 0x000000001979e800 nmethod 2608 0x0000000003268450 code [0x00000000032685a0, 0x0000000003268710]
Event: 3.661 Thread 0x000000001979e800 2609       2       java.io.OutputStreamWriter::write (11 bytes)
Event: 3.661 Thread 0x000000001979e800 nmethod 2609 0x0000000003268790 code [0x0000000003268900, 0x0000000003268a68]
Event: 3.661 Thread 0x000000001979e800 2610   !   2       sun.nio.cs.StreamEncoder::write (78 bytes)
Event: 3.662 Thread 0x000000001979e800 nmethod 2610 0x0000000003268b50 code [0x0000000003268d00, 0x0000000003269208]
Event: 3.662 Thread 0x000000001979e800 2615   !   2       java.io.BufferedWriter::write (117 bytes)
Event: 3.662 Thread 0x000000001979e800 nmethod 2615 0x0000000003269610 code [0x00000000032697a0, 0x0000000003269c88]
Event: 3.662 Thread 0x000000001979e800 2612       2       sun.nio.cs.StreamEncoder::implWrite (156 bytes)

GC Heap History (6 events):
Event: 1.368 GC heap before
{Heap before GC invocations=1 (full 0):
 PSYoungGen      total 37888K, used 32768K [0x00000000d6580000, 0x00000000d8f80000, 0x0000000100000000)
  eden space 32768K, 100% used [0x00000000d6580000,0x00000000d8580000,0x00000000d8580000)
  from space 5120K, 0% used [0x00000000d8a80000,0x00000000d8a80000,0x00000000d8f80000)
  to   space 5120K, 0% used [0x00000000d8580000,0x00000000d8580000,0x00000000d8a80000)
 ParOldGen       total 86016K, used 0K [0x0000000083000000, 0x0000000088400000, 0x00000000d6580000)
  object space 86016K, 0% used [0x0000000083000000,0x0000000083000000,0x0000000088400000)
 Metaspace       used 12881K, capacity 13162K, committed 13440K, reserved 1060864K
  class space    used 1509K, capacity 1583K, committed 1664K, reserved 1048576K
Event: 1.382 GC heap after
Heap after GC invocations=1 (full 0):
 PSYoungGen      total 37888K, used 5091K [0x00000000d6580000, 0x00000000d8f80000, 0x0000000100000000)
  eden space 32768K, 0% used [0x00000000d6580000,0x00000000d6580000,0x00000000d8580000)
  from space 5120K, 99% used [0x00000000d8580000,0x00000000d8a78ee0,0x00000000d8a80000)
  to   space 5120K, 0% used [0x00000000d8a80000,0x00000000d8a80000,0x00000000d8f80000)
 ParOldGen       total 86016K, used 966K [0x0000000083000000, 0x0000000088400000, 0x00000000d6580000)
  object space 86016K, 1% used [0x0000000083000000,0x00000000830f1a00,0x0000000088400000)
 Metaspace       used 12881K, capacity 13162K, committed 13440K, reserved 1060864K
  class space    used 1509K, capacity 1583K, committed 1664K, reserved 1048576K
}
Event: 2.523 GC heap before
{Heap before GC invocations=2 (full 0):
 PSYoungGen      total 37888K, used 37859K [0x00000000d6580000, 0x00000000d8f80000, 0x0000000100000000)
  eden space 32768K, 100% used [0x00000000d6580000,0x00000000d8580000,0x00000000d8580000)
  from space 5120K, 99% used [0x00000000d8580000,0x00000000d8a78ee0,0x00000000d8a80000)
  to   space 5120K, 0% used [0x00000000d8a80000,0x00000000d8a80000,0x00000000d8f80000)
 ParOldGen       total 86016K, used 966K [0x0000000083000000, 0x0000000088400000, 0x00000000d6580000)
  object space 86016K, 1% used [0x0000000083000000,0x00000000830f1a00,0x0000000088400000)
 Metaspace       used 17190K, capacity 17540K, committed 17792K, reserved 1064960K
  class space    used 1978K, capacity 2070K, committed 2176K, reserved 1048576K
Event: 2.538 GC heap after
Heap after GC invocations=2 (full 0):
 PSYoungGen      total 37888K, used 5092K [0x00000000d6580000, 0x00000000d8f80000, 0x0000000100000000)
  eden space 32768K, 0% used [0x00000000d6580000,0x00000000d6580000,0x00000000d8580000)
  from space 5120K, 99% used [0x00000000d8a80000,0x00000000d8f792d0,0x00000000d8f80000)
  to   space 5120K, 0% used [0x00000000d8580000,0x00000000d8580000,0x00000000d8a80000)
 ParOldGen       total 86016K, used 1712K [0x0000000083000000, 0x0000000088400000, 0x00000000d6580000)
  object space 86016K, 1% used [0x0000000083000000,0x00000000831ac1b8,0x0000000088400000)
 Metaspace       used 17190K, capacity 17540K, committed 17792K, reserved 1064960K
  class space    used 1978K, capacity 2070K, committed 2176K, reserved 1048576K
}
Event: 3.266 GC heap before
{Heap before GC invocations=3 (full 0):
 PSYoungGen      total 37888K, used 37860K [0x00000000d6580000, 0x00000000d8f80000, 0x0000000100000000)
  eden space 32768K, 100% used [0x00000000d6580000,0x00000000d8580000,0x00000000d8580000)
  from space 5120K, 99% used [0x00000000d8a80000,0x00000000d8f792d0,0x00000000d8f80000)
  to   space 5120K, 0% used [0x00000000d8580000,0x00000000d8580000,0x00000000d8a80000)
 ParOldGen       total 86016K, used 1712K [0x0000000083000000, 0x0000000088400000, 0x00000000d6580000)
  object space 86016K, 1% used [0x0000000083000000,0x00000000831ac1b8,0x0000000088400000)
 Metaspace       used 17344K, capacity 17776K, committed 18048K, reserved 1064960K
  class space    used 1988K, capacity 2104K, committed 2176K, reserved 1048576K
Event: 3.277 GC heap after
Heap after GC invocations=3 (full 0):
 PSYoungGen      total 37888K, used 5118K [0x00000000d6580000, 0x00000000d8f80000, 0x0000000100000000)
  eden space 32768K, 0% used [0x00000000d6580000,0x00000000d6580000,0x00000000d8580000)
  from space 5120K, 99% used [0x00000000d8580000,0x00000000d8a7f818,0x00000000d8a80000)
  to   space 5120K, 0% used [0x00000000d8a80000,0x00000000d8a80000,0x00000000d8f80000)
 ParOldGen       total 86016K, used 2156K [0x0000000083000000, 0x0000000088400000, 0x00000000d6580000)
  object space 86016K, 2% used [0x0000000083000000,0x000000008321b108,0x0000000088400000)
 Metaspace       used 17344K, capacity 17776K, committed 18048K, reserved 1064960K
  class space    used 1988K, capacity 2104K, committed 2176K, reserved 1048576K
}

Deoptimization events (10 events):
Event: 1.857 Thread 0x00000000027e5000 Uncommon trap: reason=unstable_if action=reinterpret pc=0x0000000002f070c4 method=java.util.regex.Matcher.find()Z @ 34
Event: 1.927 Thread 0x00000000027e5000 Uncommon trap: reason=unstable_if action=reinterpret pc=0x0000000002f452d4 method=com.sun.org.apache.xerces.internal.impl.XMLEntityScanner.scanContent(Lcom/sun/org/apache/xerces/internal/xni/XMLString;)I @ 44
Event: 1.990 Thread 0x00000000027e5000 Uncommon trap: reason=unstable_if action=reinterpret pc=0x0000000002f317d4 method=java.lang.AbstractStringBuilder.append(Ljava/lang/CharSequence;)Ljava/lang/AbstractStringBuilder; @ 13
Event: 2.053 Thread 0x00000000027e5000 Uncommon trap: reason=unstable_if action=reinterpret pc=0x000000000300ddc0 method=com.sun.org.apache.xerces.internal.util.XMLAttributesImpl.getIndex(Ljava/lang/String;Ljava/lang/String;)I @ 53
Event: 2.327 Thread 0x00000000027e5000 Uncommon trap: reason=unstable_if action=reinterpret pc=0x0000000003031530 method=com.sun.org.apache.xerces.internal.impl.XMLEntityScanner.scanContent(Lcom/sun/org/apache/xerces/internal/xni/XMLString;)I @ 418
Event: 2.455 Thread 0x00000000027e5000 Uncommon trap: reason=unstable_if action=reinterpret pc=0x00000000030583f4 method=com.sun.org.apache.xerces.internal.impl.XMLEntityScanner.skipSpaces()Z @ 303
Event: 3.222 Thread 0x00000000027e5000 Uncommon trap: reason=unstable_if action=reinterpret pc=0x00000000031219d8 method=com.sun.org.apache.xerces.internal.impl.XMLEntityScanner.scanLiteral(ILcom/sun/org/apache/xerces/internal/xni/XMLString;Z)I @ 515
Event: 3.284 Thread 0x00000000027e5000 Uncommon trap: reason=unstable_if action=reinterpret pc=0x0000000003063748 method=com.sun.org.apache.xerces.internal.impl.xpath.regex.RangeToken.match(I)Z @ 4
Event: 3.518 Thread 0x00000000027e5000 Uncommon trap: reason=unstable_if action=reinterpret pc=0x00000000031a7418 method=java.util.HashMap.clear()V @ 16
Event: 3.533 Thread 0x00000000027e5000 Uncommon trap: reason=unstable_if action=reinterpret pc=0x00000000030ff584 method=com.sun.org.apache.xerces.internal.impl.XMLEntityScanner.scanQName(Lcom/sun/org/apache/xerces/internal/xni/QName;Lcom/sun/org/apache/xerces/internal/impl/XMLScanner$NameType

Classes redefined (0 events):
No events

Internal exceptions (10 events):
Event: 1.366 Thread 0x00000000027e5000 Exception <a 'java/lang/ArrayIndexOutOfBoundsException': 85> (0x00000000d8542d48) thrown at [C:\Users\jenkins\workspace\openjdk8_build_x86-64_windows\openjdk\hotspot\src\share\vm\interpreter\interpreterRuntime.cpp, line 366]
Event: 1.367 Thread 0x00000000027e5000 Exception <a 'java/lang/ArrayIndexOutOfBoundsException': 76> (0x00000000d8544270) thrown at [C:\Users\jenkins\workspace\openjdk8_build_x86-64_windows\openjdk\hotspot\src\share\vm\interpreter\interpreterRuntime.cpp, line 366]
Event: 1.504 Thread 0x00000000027e5000 Implicit null exception at 0x0000000002c575d6 to 0x0000000002c57971
Event: 1.564 Thread 0x00000000027e5000 Implicit null exception at 0x0000000002be5216 to 0x0000000002be55ad
Event: 1.656 Thread 0x00000000027e5000 Exception <a 'java/lang/ClassNotFoundException': com/sun/org/glassfish/hk2/osgiresourcelocator/ServiceLoader> (0x00000000d684c8a0) thrown at [C:\Users\jenkins\workspace\openjdk8_build_x86-64_windows\openjdk\hotspot\src\share\vm\classfile\systemDictionary.
Event: 3.130 Thread 0x00000000027e5000 Exception <a 'java/lang/ClassNotFoundException': com/sun/org/glassfish/hk2/osgiresourcelocator/ServiceLoader> (0x00000000d81b3a00) thrown at [C:\Users\jenkins\workspace\openjdk8_build_x86-64_windows\openjdk\hotspot\src\share\vm\classfile\systemDictionary.
Event: 3.284 Thread 0x00000000027e5000 Implicit null exception at 0x0000000003063690 to 0x0000000003063731
Event: 3.428 Thread 0x00000000027e5000 Exception <a 'sun/nio/fs/WindowsException'> (0x00000000d6eac400) thrown at [C:\Users\jenkins\workspace\openjdk8_build_x86-64_windows\openjdk\hotspot\src\share\vm\prims\jni.cpp, line 709]
Event: 3.428 Thread 0x00000000027e5000 Exception <a 'sun/nio/fs/WindowsException'> (0x00000000d6eac950) thrown at [C:\Users\jenkins\workspace\openjdk8_build_x86-64_windows\openjdk\hotspot\src\share\vm\prims\jni.cpp, line 709]
Event: 3.481 Thread 0x00000000027e5000 Exception <a 'java/lang/ClassNotFoundException': com/sun/org/glassfish/hk2/osgiresourcelocator/ServiceLoader> (0x00000000d6f79118) thrown at [C:\Users\jenkins\workspace\openjdk8_build_x86-64_windows\openjdk\hotspot\src\share\vm\classfile\systemDictionary.

Events (10 events):
Event: 3.647 loading class com/android/sdklib/tool/TableFormatter$Column
Event: 3.647 loading class com/android/sdklib/tool/TableFormatter$Column done
Event: 3.648 loading class com/android/sdklib/tool/TableFormatter
Event: 3.648 loading class com/android/sdklib/tool/TableFormatter done
Event: 3.648 loading class com/android/sdklib/tool/TableFormatter$Column
Event: 3.648 loading class com/android/sdklib/tool/TableFormatter$Column done
Event: 3.651 loading class com/android/repository/api/RemotePackage
Event: 3.651 loading class com/android/repository/api/RemotePackage done
Event: 3.652 loading class com/android/repository/api/RemotePackage
Event: 3.652 loading class com/android/repository/api/RemotePackage done


Dynamic libraries:
0x00007ff716dc0000 - 0x00007ff716df5000 	C:\Program Files\Unity\Hub\Editor\2021.3.7f1\Editor\Data\PlaybackEngines\AndroidPlayer\OpenJDK\bin\java.exe
0x00007ffb21df0000 - 0x00007ffb21fdd000 	C:\Windows\SYSTEM32\ntdll.dll
0x00007ffb20da0000 - 0x00007ffb20e53000 	C:\Windows\System32\KERNEL32.DLL
0x00007ffb1e9f0000 - 0x00007ffb1ec85000 	C:\Windows\System32\KERNELBASE.dll
0x00007ffb213d0000 - 0x00007ffb21473000 	C:\Windows\System32\ADVAPI32.dll
0x00007ffb21cc0000 - 0x00007ffb21d5e000 	C:\Windows\System32\msvcrt.dll
0x00007ffb217b0000 - 0x00007ffb2184e000 	C:\Windows\System32\sechost.dll
0x00007ffb219b0000 - 0x00007ffb21ad2000 	C:\Windows\System32\RPCRT4.dll
0x00007ffb20ae0000 - 0x00007ffb20c77000 	C:\Windows\System32\USER32.dll
0x00007ffb1e680000 - 0x00007ffb1e6a0000 	C:\Windows\System32\win32u.dll
0x00007ffb20aa0000 - 0x00007ffb20ac9000 	C:\Windows\System32\GDI32.dll
0x00007ffb1ee70000 - 0x00007ffb1f00c000 	C:\Windows\System32\gdi32full.dll
0x00007ffb1e850000 - 0x00007ffb1e8f0000 	C:\Windows\System32\msvcp_win.dll
0x00007ffb1e750000 - 0x00007ffb1e84a000 	C:\Windows\System32\ucrtbase.dll
0x00007ffb0d1b0000 - 0x00007ffb0d429000 	C:\Windows\WinSxS\amd64_microsoft.windows.common-controls_6595b64144ccf1df_6.0.17763.1518_none_de6e2bd0534e2567\COMCTL32.dll
0x00007ffb21480000 - 0x00007ffb217ad000 	C:\Windows\System32\combase.dll
0x00007ffb1dea0000 - 0x00007ffb1df1e000 	C:\Windows\System32\bcryptPrimitives.dll
0x00007ffb209e0000 - 0x00007ffb20a0e000 	C:\Windows\System32\IMM32.DLL
0x000000006c990000 - 0x000000006ca62000 	C:\Program Files\Unity\Hub\Editor\2021.3.7f1\Editor\Data\PlaybackEngines\AndroidPlayer\OpenJDK\jre\bin\msvcr100.dll
0x000000006c140000 - 0x000000006c989000 	C:\Program Files\Unity\Hub\Editor\2021.3.7f1\Editor\Data\PlaybackEngines\AndroidPlayer\OpenJDK\jre\bin\server\jvm.dll
0x00007ffb20ce0000 - 0x00007ffb20ce8000 	C:\Windows\System32\PSAPI.DLL
0x00007ffb18970000 - 0x00007ffb1897a000 	C:\Windows\SYSTEM32\VERSION.dll
0x00007ffb0acb0000 - 0x00007ffb0acb9000 	C:\Windows\SYSTEM32\WSOCK32.dll
0x00007ffb1b710000 - 0x00007ffb1b734000 	C:\Windows\SYSTEM32\WINMM.dll
0x00007ffb21360000 - 0x00007ffb213cd000 	C:\Windows\System32\WS2_32.dll
0x00007ffb1b6e0000 - 0x00007ffb1b70d000 	C:\Windows\SYSTEM32\winmmbase.dll
0x00007ffb1e8f0000 - 0x00007ffb1e93a000 	C:\Windows\System32\cfgmgr32.dll
0x00007ffb1a260000 - 0x00007ffb1a26f000 	C:\Program Files\Unity\Hub\Editor\2021.3.7f1\Editor\Data\PlaybackEngines\AndroidPlayer\OpenJDK\jre\bin\verify.dll
0x00007ffb095a0000 - 0x00007ffb095c9000 	C:\Program Files\Unity\Hub\Editor\2021.3.7f1\Editor\Data\PlaybackEngines\AndroidPlayer\OpenJDK\jre\bin\java.dll
0x00007ffb17e30000 - 0x00007ffb17e46000 	C:\Program Files\Unity\Hub\Editor\2021.3.7f1\Editor\Data\PlaybackEngines\AndroidPlayer\OpenJDK\jre\bin\zip.dll
0x00007ffb1f2d0000 - 0x00007ffb207c9000 	C:\Windows\System32\SHELL32.dll
0x00007ffb20cf0000 - 0x00007ffb20d98000 	C:\Windows\System32\shcore.dll
0x00007ffb1df20000 - 0x00007ffb1e672000 	C:\Windows\System32\windows.storage.dll
0x00007ffb1de50000 - 0x00007ffb1de74000 	C:\Windows\System32\profapi.dll
0x00007ffb1ddf0000 - 0x00007ffb1de4d000 	C:\Windows\System32\powrprof.dll
0x00007ffb207d0000 - 0x00007ffb20822000 	C:\Windows\System32\shlwapi.dll
0x00007ffb1de80000 - 0x00007ffb1de91000 	C:\Windows\System32\kernel.appcore.dll
0x00007ffb1e6d0000 - 0x00007ffb1e6e7000 	C:\Windows\System32\cryptsp.dll
0x00007ffb0dc30000 - 0x00007ffb0dc4a000 	C:\Program Files\Unity\Hub\Editor\2021.3.7f1\Editor\Data\PlaybackEngines\AndroidPlayer\OpenJDK\jre\bin\net.dll
0x00007ffb1d640000 - 0x00007ffb1d6a7000 	C:\Windows\system32\mswsock.dll
0x00007ffb0da40000 - 0x00007ffb0da51000 	C:\Program Files\Unity\Hub\Editor\2021.3.7f1\Editor\Data\PlaybackEngines\AndroidPlayer\OpenJDK\jre\bin\nio.dll
0x00007ffb09570000 - 0x00007ffb09594000 	C:\Program Files\Unity\Hub\Editor\2021.3.7f1\Editor\Data\PlaybackEngines\AndroidPlayer\OpenJDK\jre\bin\sunec.dll
0x00007ffb1d160000 - 0x00007ffb1d193000 	C:\Windows\system32\rsaenh.dll
0x00007ffb1e6a0000 - 0x00007ffb1e6c6000 	C:\Windows\System32\bcrypt.dll
0x00007ffb1dcd0000 - 0x00007ffb1dcf9000 	C:\Windows\SYSTEM32\USERENV.dll
0x00007ffb1d810000 - 0x00007ffb1d81c000 	C:\Windows\SYSTEM32\CRYPTBASE.dll
0x00007ffb1d360000 - 0x00007ffb1d39d000 	C:\Windows\SYSTEM32\IPHLPAPI.DLL
0x00007ffb20a90000 - 0x00007ffb20a98000 	C:\Windows\System32\NSI.dll
0x00007ffb17e90000 - 0x00007ffb17ea6000 	C:\Windows\SYSTEM32\dhcpcsvc6.DLL
0x00007ffb182c0000 - 0x00007ffb182dc000 	C:\Windows\SYSTEM32\dhcpcsvc.DLL
0x00007ffb1d3a0000 - 0x00007ffb1d467000 	C:\Windows\SYSTEM32\DNSAPI.dll
0x00007ffb1a220000 - 0x00007ffb1a22b000 	C:\Program Files\Unity\Hub\Editor\2021.3.7f1\Editor\Data\PlaybackEngines\AndroidPlayer\OpenJDK\jre\bin\sunmscapi.dll
0x00007ffb1ec90000 - 0x00007ffb1ee6c000 	C:\Windows\System32\CRYPT32.dll
0x00007ffb1ddd0000 - 0x00007ffb1dde2000 	C:\Windows\System32\MSASN1.dll
0x00007ffb0e660000 - 0x00007ffb0e66a000 	C:\Windows\System32\rasadhlp.dll
0x00007ffb0eb10000 - 0x00007ffb0eb89000 	C:\Windows\System32\fwpuclnt.dll

VM Arguments:
jvm_args: -Dfile.encoding=UTF-8 -Dcom.android.sdklib.toolsdir=C:\Program Files\Unity\Hub\Editor\2021.3.7f1\Editor\Data\PlaybackEngines\AndroidPlayer\SDK\tools\bin\\.. 
java_command: com.android.sdklib.tool.sdkmanager.SdkManagerCli --list
java_class_path (initial): C:\Program Files\Unity\Hub\Editor\2021.3.7f1\Editor\Data\PlaybackEngines\AndroidPlayer\SDK\tools\bin\..\lib\dvlib-26.0.0-dev.jar;C:\Program Files\Unity\Hub\Editor\2021.3.7f1\Editor\Data\PlaybackEngines\AndroidPlayer\SDK\tools\bin\..\lib\jimfs-1.1.jar;C:\Program Files\Unity\Hub\Editor\2021.3.7f1\Editor\Data\PlaybackEngines\AndroidPlayer\SDK\tools\bin\..\lib\jsr305-1.3.9.jar;C:\Program Files\Unity\Hub\Editor\2021.3.7f1\Editor\Data\PlaybackEngines\AndroidPlayer\SDK\tools\bin\..\lib\repository-26.0.0-dev.jar;C:\Program Files\Unity\Hub\Editor\2021.3.7f1\Editor\Data\PlaybackEngines\AndroidPlayer\SDK\tools\bin\..\lib\j2objc-annotations-1.1.jar;C:\Program Files\Unity\Hub\Editor\2021.3.7f1\Editor\Data\PlaybackEngines\AndroidPlayer\SDK\tools\bin\..\lib\layoutlib-api-26.0.0-dev.jar;C:\Program Files\Unity\Hub\Editor\2021.3.7f1\Editor\Data\PlaybackEngines\AndroidPlayer\SDK\tools\bin\..\lib\gson-2.3.jar;C:\Program Files\Unity\Hub\Editor\2021.3.7f1\Editor\Data\PlaybackEngines\AndroidPlayer\SDK\tools\bin\..\lib\httpcore-4.2.5.jar;C:\Program Files\Unity\Hub\Editor\2021.3.7f1\Editor\Data\PlaybackEngines\AndroidPlayer\SDK\tools\bin\..\lib\commons-logging-1.1.1.jar;C:\Program Files\Unity\Hub\Editor\2021.3.7f1\Editor\Data\PlaybackEngines\AndroidPlayer\SDK\tools\bin\..\lib\commons-compress-1.12.jar;C:\Program Files\Unity\Hub\Editor\2021.3.7f1\Editor\Data\PlaybackEngines\AndroidPlayer\SDK\tools\bin\..\lib\annotations-26.0.0-dev.jar;C:\Program Files\Unity\Hub\Editor\2021.3.7f1\Editor\Data\PlaybackEngines\AndroidPlayer\SDK\tools\bin\..\lib\error_prone_annotations-2.0.18.jar;C:\Program Files\Unity\Hub\Editor\2021.3.7f1\Editor\Data\PlaybackEngines\AndroidPlayer\SDK\tools\bin\..\lib\animal-sniffer-annotations-1.14.jar;C:\Program Files\Unity\Hub\Editor\2021.3.7f1\Editor\Data\PlaybackEngines\AndroidPlayer\SDK\tools\bin\..\lib\httpclient-4.2.6.jar;C:\Program Files\Unity\Hub\Editor\2021.3.7f1\Editor\Data\PlaybackEngines\AndroidPlayer\SDK\tools\bin\..\lib\commons-codec-
Launcher Type: SUN_STANDARD

Environment Variables:
JAVA_HOME=C:\Program Files\Unity\Hub\Editor\2021.3.7f1\Editor\Data\PlaybackEngines\AndroidPlayer\OpenJDK
JAVA_TOOL_OPTIONS=-Dfile.encoding=UTF-8
PATH=C:\Program Files (x86)\Common Files\Oracle\Java\javapath;"C:\Program Files (x86)\Common Files\Oracle\Java\javapath\;\python34";C:\Inprise\vbroker\bin;C:\Program Files (x86)\Borland\Delphi7\Projects\Bpl;C:\Program Files (x86)\Borland\Delphi7\Bin;C:\Program Files (x86)\Borland\Delphi7\Projects\Bpl\;C:\Windows\system32;C:\Windows;C:\Windows\System32\Wbem;C:\Windows\System32\WindowsPowerShell\v1.0\;C:\Windows\System32\OpenSSH\;C:\FPC\2.6.4\bin\i386-Win32;D:\FPC\2.6.4\bin\i386-Win32;C:\Program Files\Sublime Text\;C:\Users\Etty.DESKTOP-B1CTQ9J\AppData\Local\Programs\Python\Python310\Scripts\;C:\Users\Etty.DESKTOP-B1CTQ9J\AppData\Local\Programs\Python\Python310\;C:\Users\Etty.DESKTOP-B1CTQ9J\AppData\Local\atom\bin
USERNAME=Etty
OS=Windows_NT
PROCESSOR_IDENTIFIER=Intel64 Family 6 Model 142 Stepping 12, GenuineIntel



---------------  S Y S T E M  ---------------

OS: Windows 10.0 , 64 bit Build 17763 (10.0.17763.475)

CPU:total 8 (initial active 8) (4 cores per cpu, 2 threads per core) family 6 model 142 stepping 12, cmov, cx8, fxsr, mmx, sse, sse2, sse3, ssse3, sse4.1, sse4.2, popcnt, avx, avx2, aes, clmul, erms, 3dnowpref, lzcnt, ht, tsc, tscinvbit, bmi1, bmi2, adx

Memory: 4k page, physical 8188848k(1767140k free), swap 10286000k(4144k free)

vm_info: OpenJDK 64-Bit Server VM (25.71-b00) for windows-amd64 JRE (1.8.0-adoptopenjdk-_2018_05_19_00_59-b00), built on May 19 2018 01:02:12 by "jenkins" with MS VC++ 10.0 (VS2010)

time: Fri Nov 11 11:55:47 2022
elapsed time: 3 seconds (0d 0h 0m 3s)

